DEPRECATION WARNING: ActiveRecord::Base.raise_in_transactional_callbacks= is deprecated, has no effect and will be removed without replacement. (called from <top (required)> at /Users/meagan/AA/curriculum/html-css/projects/aa_times/solution/config/environment.rb:5)
DEPRECATION WARNING: ActiveRecord::Base.raise_in_transactional_callbacks= is deprecated, has no effect and will be removed without replacement. (called from require at /Users/meagan/AA/curriculum/html-css/projects/aa_times/solution/bin/rails:9)
  [1m[35m (1.3ms)[0m  [1m[35mCREATE TABLE "schema_migrations" ("version" varchar NOT NULL PRIMARY KEY)[0m
  [1m[35m (1.1ms)[0m  [1m[35mCREATE TABLE "ar_internal_metadata" ("key" varchar NOT NULL PRIMARY KEY, "value" varchar, "created_at" datetime NOT NULL, "updated_at" datetime NOT NULL)[0m
  [1m[36mActiveRecord::InternalMetadata Load (0.1ms)[0m  [1m[34mSELECT  "ar_internal_metadata".* FROM "ar_internal_metadata" WHERE "ar_internal_metadata"."key" = ? LIMIT ?[0m  [["key", :environment], ["LIMIT", 1]]
  [1m[35m (0.0ms)[0m  [1m[36mbegin transaction[0m
  [1m[35mSQL (0.2ms)[0m  [1m[32mINSERT INTO "ar_internal_metadata" ("key", "value", "created_at", "updated_at") VALUES (?, ?, ?, ?)[0m  [["key", "environment"], ["value", "development"], ["created_at", 2017-03-22 15:29:04 UTC], ["updated_at", 2017-03-22 15:29:04 UTC]]
  [1m[35m (1.3ms)[0m  [1m[36mcommit transaction[0m
  [1m[36mActiveRecord::SchemaMigration Load (0.1ms)[0m  [1m[34mSELECT "schema_migrations".* FROM "schema_migrations"[0m
  [1m[36mActiveRecord::SchemaMigration Load (0.0ms)[0m  [1m[34mSELECT "schema_migrations".* FROM "schema_migrations"[0m
Started GET "/" for ::1 at 2017-03-22 11:29:17 -0400
DEPRECATION WARNING: ActiveRecord::Base.raise_in_transactional_callbacks= is deprecated, has no effect and will be removed without replacement. (called from block (3 levels) in <class:Railtie> at /Users/meagan/.rbenv/versions/2.3.1/lib/ruby/gems/2.3.0/gems/activerecord-5.0.2/lib/active_record/railtie.rb:113)
Processing by StaticPagesController#index as HTML
  Rendering static_pages/index.html.erb within layouts/application
  Rendered shared/_sections_sidebar.html.erb (0.3ms)
  Rendered shared/_gear_dropdown.html.erb (0.4ms)
  Rendered shared/_main_nav.html.erb (5.6ms)
  Rendered shared/_masthead.html.erb (0.4ms)
  Rendered shared/_search_modal.html.erb (0.4ms)
  Rendered shared/_sections_nav.html.erb (3.3ms)
  Rendered shared/_search_modal.html.erb (0.0ms)
  Rendered shared/_main_content.html.erb (0.6ms)
  Rendered static_pages/index.html.erb within layouts/application (22.6ms)
Completed 200 OK in 717ms (Views: 714.3ms | ActiveRecord: 0.0ms)


Started GET "/assets/application.self-ee31fd95017f1aa0a01064a0139a6a9cf4c4645f9f9a449c10de7aeaafa6343f.css?body=1" for ::1 at 2017-03-22 11:29:18 -0400
Started GET "/assets/components/dropdown.self-815016af6fab1d5b72abd319213bf62f0c42bab2c585d2e059543ae704a0d74c.js?body=1" for ::1 at 2017-03-22 11:29:18 -0400
Started GET "/assets/jquery.self-bd7ddd393353a8d2480a622e80342adf488fb6006d667e8b42e4c0073393abee.js?body=1" for ::1 at 2017-03-22 11:29:18 -0400
Started GET "/assets/jquery_ujs.self-784a997f6726036b1993eb2217c9cb558e1cbb801c6da88105588c56f13b466a.js?body=1" for ::1 at 2017-03-22 11:29:18 -0400
Started GET "/assets/application.self-f571b9db02bf4ed04c38a6a29072ac382f7d4f47db1fab9817aeadb0d8665235.js?body=1" for ::1 at 2017-03-22 11:29:18 -0400
Started GET "/assets/components/sidebar.self-2a1277f850a6fa21e1a974ef5152f177ac05516477d5081d593bb137b3d6808b.js?body=1" for ::1 at 2017-03-22 11:29:18 -0400
Started GET "/assets/components/modal.self-52188644dbb47def5ee35ae02e69eb567ca9b664472357a8a5789dd39032a265.js?body=1" for ::1 at 2017-03-22 11:29:18 -0400
Started GET "/assets/AA_Times_Logo.png" for ::1 at 2017-03-22 11:29:18 -0400
Started GET "/assets/new_office.jpg" for ::1 at 2017-03-22 11:29:18 -0400
Started GET "/" for ::1 at 2017-03-22 11:31:46 -0400
DEPRECATION WARNING: ActiveRecord::Base.raise_in_transactional_callbacks= is deprecated, has no effect and will be removed without replacement. (called from block (3 levels) in <class:Railtie> at /Users/meagan/.rbenv/versions/2.3.1/lib/ruby/gems/2.3.0/gems/activerecord-5.0.2/lib/active_record/railtie.rb:113)
Processing by StaticPagesController#index as HTML
  Rendering static_pages/index.html.erb within layouts/application
  Rendered shared/_sections_sidebar.html.erb (0.3ms)
  Rendered shared/_gear_dropdown.html.erb (0.2ms)
  Rendered shared/_main_nav.html.erb (4.7ms)
  Rendered shared/_masthead.html.erb (0.2ms)
  Rendered shared/_search_modal.html.erb (0.2ms)
  Rendered shared/_sections_nav.html.erb (1.8ms)
  Rendered shared/_search_modal.html.erb (0.0ms)
  Rendered shared/_main_content.html.erb (0.4ms)
  Rendered static_pages/index.html.erb within layouts/application (17.0ms)
Completed 200 OK in 538ms (Views: 525.3ms | ActiveRecord: 0.0ms)


Started GET "/assets/turbolinks.self-c5acd7a204f5f25ce7a1d8a0e4d92e28d34c9e2df2c7371cd7af88e147e4ad82.js?body=1" for ::1 at 2017-03-22 11:31:47 -0400
Started GET "/assets/application.self-b89234cf2659d7fedea75bca0b8d231ad7dfc2f3f57fcbaf5f44ed9dc384137b.js?body=1" for ::1 at 2017-03-22 11:31:47 -0400
Started GET "/assets/AA_Times_Logo.png" for ::1 at 2017-03-22 11:31:47 -0400
Started GET "/assets/new_office.jpg" for ::1 at 2017-03-22 11:31:47 -0400
Started GET "/" for ::1 at 2017-03-22 11:31:53 -0400
Processing by StaticPagesController#index as HTML
  Rendering static_pages/index.html.erb within layouts/application
  Rendered shared/_sections_sidebar.html.erb (0.3ms)
  Rendered shared/_gear_dropdown.html.erb (0.4ms)
  Rendered shared/_main_nav.html.erb (4.6ms)
  Rendered shared/_masthead.html.erb (0.3ms)
  Rendered shared/_search_modal.html.erb (0.3ms)
  Rendered shared/_sections_nav.html.erb (3.1ms)
  Rendered shared/_search_modal.html.erb (0.0ms)
  Rendered shared/_main_content.html.erb (0.9ms)
  Rendered static_pages/index.html.erb within layouts/application (18.4ms)
Completed 200 OK in 48ms (Views: 45.8ms | ActiveRecord: 0.0ms)


Started GET "/assets/AA_Times_Logo.png" for ::1 at 2017-03-22 11:31:53 -0400
Started GET "/assets/new_office.jpg" for ::1 at 2017-03-22 11:31:53 -0400
Started GET "/" for ::1 at 2017-03-22 11:32:11 -0400
Processing by StaticPagesController#index as HTML
  Rendering static_pages/index.html.erb within layouts/application
  Rendered shared/_sections_sidebar.html.erb (0.3ms)
  Rendered shared/_gear_dropdown.html.erb (0.4ms)
  Rendered shared/_main_nav.html.erb (5.4ms)
  Rendered shared/_masthead.html.erb (0.8ms)
  Rendered shared/_search_modal.html.erb (0.3ms)
  Rendered shared/_sections_nav.html.erb (3.2ms)
  Rendered shared/_search_modal.html.erb (0.0ms)
  Rendered shared/_main_content.html.erb (0.9ms)
  Rendered static_pages/index.html.erb within layouts/application (19.8ms)
Completed 200 OK in 44ms (Views: 41.6ms | ActiveRecord: 0.0ms)


Started GET "/assets/AA_Times_Logo.png" for ::1 at 2017-03-22 11:32:11 -0400
Started GET "/assets/new_office.jpg" for ::1 at 2017-03-22 11:32:11 -0400
Started GET "/" for ::1 at 2017-03-22 11:32:16 -0400
Processing by StaticPagesController#index as HTML
  Rendering static_pages/index.html.erb within layouts/application
  Rendered shared/_sections_sidebar.html.erb (0.5ms)
  Rendered shared/_gear_dropdown.html.erb (1.2ms)
  Rendered shared/_main_nav.html.erb (14.8ms)
  Rendered shared/_masthead.html.erb (0.4ms)
  Rendered shared/_search_modal.html.erb (0.9ms)
  Rendered shared/_sections_nav.html.erb (3.0ms)
  Rendered shared/_search_modal.html.erb (0.0ms)
  Rendered shared/_main_content.html.erb (0.4ms)
  Rendered static_pages/index.html.erb within layouts/application (31.2ms)
Completed 200 OK in 55ms (Views: 51.7ms | ActiveRecord: 0.0ms)


Started GET "/" for ::1 at 2017-03-22 11:32:26 -0400
Processing by StaticPagesController#index as HTML
  Rendering static_pages/index.html.erb within layouts/application
  Rendered shared/_sections_sidebar.html.erb (0.3ms)
  Rendered shared/_gear_dropdown.html.erb (0.3ms)
  Rendered shared/_main_nav.html.erb (4.1ms)
  Rendered shared/_masthead.html.erb (0.3ms)
  Rendered shared/_search_modal.html.erb (0.2ms)
  Rendered shared/_sections_nav.html.erb (1.9ms)
  Rendered shared/_search_modal.html.erb (0.0ms)
  Rendered shared/_main_content.html.erb (0.4ms)
  Rendered static_pages/index.html.erb within layouts/application (14.6ms)
Completed 200 OK in 33ms (Views: 30.7ms | ActiveRecord: 0.0ms)


Started GET "/assets/AA_Times_Logo.png" for ::1 at 2017-03-22 11:32:26 -0400
Started GET "/assets/new_office.jpg" for ::1 at 2017-03-22 11:32:26 -0400
Started GET "/" for ::1 at 2017-03-22 11:32:33 -0400
Processing by StaticPagesController#index as HTML
  Rendering static_pages/index.html.erb within layouts/application
  Rendered shared/_sections_sidebar.html.erb (0.7ms)
  Rendered shared/_gear_dropdown.html.erb (0.3ms)
  Rendered shared/_main_nav.html.erb (7.6ms)
  Rendered shared/_masthead.html.erb (0.3ms)
  Rendered shared/_search_modal.html.erb (0.3ms)
  Rendered shared/_sections_nav.html.erb (3.1ms)
  Rendered shared/_search_modal.html.erb (0.0ms)
  Rendered shared/_main_content.html.erb (0.4ms)
  Rendered static_pages/index.html.erb within layouts/application (24.1ms)
Completed 200 OK in 45ms (Views: 41.5ms | ActiveRecord: 0.0ms)


Started GET "/" for ::1 at 2017-03-22 11:34:11 -0400
DEPRECATION WARNING: ActiveRecord::Base.raise_in_transactional_callbacks= is deprecated, has no effect and will be removed without replacement. (called from block (3 levels) in <class:Railtie> at /Users/meagan/.rbenv/versions/2.3.1/lib/ruby/gems/2.3.0/gems/activerecord-5.0.2/lib/active_record/railtie.rb:113)
Processing by StaticPagesController#index as HTML
  Rendering static_pages/index.html.erb within layouts/application
  Rendered shared/_sections_sidebar.html.erb (0.3ms)
  Rendered shared/_gear_dropdown.html.erb (0.3ms)
  Rendered shared/_main_nav.html.erb (5.0ms)
  Rendered shared/_masthead.html.erb (0.3ms)
  Rendered shared/_search_modal.html.erb (0.4ms)
  Rendered shared/_sections_nav.html.erb (3.1ms)
  Rendered shared/_search_modal.html.erb (0.0ms)
  Rendered shared/_main_content.html.erb (0.6ms)
  Rendered static_pages/index.html.erb within layouts/application (22.4ms)
Completed 200 OK in 257ms (Views: 243.4ms | ActiveRecord: 0.0ms)


Started GET "/assets/AA_Times_Logo.png" for ::1 at 2017-03-22 11:34:11 -0400
Started GET "/assets/new_office.jpg" for ::1 at 2017-03-22 11:34:11 -0400
Started GET "/" for ::1 at 2017-03-22 11:34:19 -0400
Processing by StaticPagesController#index as HTML
  Rendering static_pages/index.html.erb within layouts/application
  Rendered shared/_sections_sidebar.html.erb (0.7ms)
  Rendered shared/_gear_dropdown.html.erb (0.4ms)
  Rendered shared/_main_nav.html.erb (10.9ms)
  Rendered shared/_masthead.html.erb (0.6ms)
  Rendered shared/_search_modal.html.erb (0.7ms)
  Rendered shared/_sections_nav.html.erb (3.8ms)
  Rendered shared/_search_modal.html.erb (0.2ms)
  Rendered shared/_main_content.html.erb (13.4ms)
  Rendered static_pages/index.html.erb within layouts/application (44.0ms)
Completed 200 OK in 72ms (Views: 69.9ms | ActiveRecord: 0.0ms)


Started GET "/assets/AA_Times_Logo.png" for ::1 at 2017-03-22 11:34:20 -0400
Started GET "/assets/new_office.jpg" for ::1 at 2017-03-22 11:34:20 -0400
Started GET "/" for ::1 at 2017-03-22 11:34:22 -0400
Processing by StaticPagesController#index as HTML
  Rendering static_pages/index.html.erb within layouts/application
  Rendered shared/_sections_sidebar.html.erb (0.8ms)
  Rendered shared/_gear_dropdown.html.erb (1.6ms)
  Rendered shared/_main_nav.html.erb (14.9ms)
  Rendered shared/_masthead.html.erb (0.5ms)
  Rendered shared/_search_modal.html.erb (0.5ms)
  Rendered shared/_sections_nav.html.erb (4.3ms)
  Rendered shared/_search_modal.html.erb (0.1ms)
  Rendered shared/_main_content.html.erb (0.6ms)
  Rendered static_pages/index.html.erb within layouts/application (40.7ms)
Completed 200 OK in 73ms (Views: 68.9ms | ActiveRecord: 0.0ms)


Started GET "/" for ::1 at 2017-03-22 11:34:26 -0400
Processing by StaticPagesController#index as HTML
  Rendering static_pages/index.html.erb within layouts/application
  Rendered shared/_sections_sidebar.html.erb (0.6ms)
  Rendered shared/_gear_dropdown.html.erb (1.3ms)
  Rendered shared/_main_nav.html.erb (10.6ms)
  Rendered shared/_masthead.html.erb (1.3ms)
  Rendered shared/_search_modal.html.erb (0.5ms)
  Rendered shared/_sections_nav.html.erb (4.0ms)
  Rendered shared/_search_modal.html.erb (0.1ms)
  Rendered shared/_main_content.html.erb (1.1ms)
  Rendered static_pages/index.html.erb within layouts/application (36.9ms)
Completed 200 OK in 73ms (Views: 70.9ms | ActiveRecord: 0.0ms)


Started GET "/assets/AA_Times_Logo.png" for ::1 at 2017-03-22 11:34:26 -0400
Started GET "/assets/new_office.jpg" for ::1 at 2017-03-22 11:34:26 -0400
Started GET "/" for ::1 at 2017-03-22 11:34:33 -0400
Processing by StaticPagesController#index as HTML
  Rendering static_pages/index.html.erb within layouts/application
  Rendered shared/_sections_sidebar.html.erb (0.6ms)
  Rendered shared/_gear_dropdown.html.erb (0.6ms)
  Rendered shared/_main_nav.html.erb (7.8ms)
  Rendered shared/_masthead.html.erb (0.6ms)
  Rendered shared/_search_modal.html.erb (0.6ms)
  Rendered shared/_sections_nav.html.erb (3.7ms)
  Rendered shared/_search_modal.html.erb (0.1ms)
  Rendered shared/_main_content.html.erb (0.7ms)
  Rendered static_pages/index.html.erb within layouts/application (29.5ms)
Completed 200 OK in 81ms (Views: 77.7ms | ActiveRecord: 0.0ms)


Started GET "/" for ::1 at 2017-03-22 11:34:41 -0400
Processing by StaticPagesController#index as HTML
  Rendering static_pages/index.html.erb within layouts/application
  Rendered shared/_sections_sidebar.html.erb (0.5ms)
  Rendered shared/_gear_dropdown.html.erb (0.5ms)
  Rendered shared/_main_nav.html.erb (8.8ms)
  Rendered shared/_masthead.html.erb (0.3ms)
  Rendered shared/_search_modal.html.erb (0.7ms)
  Rendered shared/_sections_nav.html.erb (4.3ms)
  Rendered shared/_search_modal.html.erb (0.1ms)
  Rendered shared/_main_content.html.erb (0.6ms)
  Rendered static_pages/index.html.erb within layouts/application (29.0ms)
Completed 200 OK in 65ms (Views: 61.1ms | ActiveRecord: 0.0ms)


Started GET "/assets/AA_Times_Logo.png" for ::1 at 2017-03-22 11:34:42 -0400
Started GET "/assets/new_office.jpg" for ::1 at 2017-03-22 11:34:42 -0400
Started GET "/" for ::1 at 2017-03-22 11:34:44 -0400
Processing by StaticPagesController#index as HTML
  Rendering static_pages/index.html.erb within layouts/application
  Rendered shared/_sections_sidebar.html.erb (0.7ms)
  Rendered shared/_gear_dropdown.html.erb (1.7ms)
  Rendered shared/_main_nav.html.erb (12.9ms)
  Rendered shared/_masthead.html.erb (0.6ms)
  Rendered shared/_search_modal.html.erb (1.7ms)
  Rendered shared/_sections_nav.html.erb (5.8ms)
  Rendered shared/_search_modal.html.erb (0.1ms)
  Rendered shared/_main_content.html.erb (0.8ms)
  Rendered static_pages/index.html.erb within layouts/application (35.0ms)
Completed 200 OK in 66ms (Views: 62.4ms | ActiveRecord: 0.0ms)


Started GET "/assets/AA_Times_Logo.png" for ::1 at 2017-03-22 11:34:44 -0400
Started GET "/assets/new_office.jpg" for ::1 at 2017-03-22 11:34:44 -0400
Started GET "/" for ::1 at 2017-03-22 11:34:49 -0400
Processing by StaticPagesController#index as HTML
  Rendering static_pages/index.html.erb within layouts/application
  Rendered shared/_sections_sidebar.html.erb (0.7ms)
  Rendered shared/_gear_dropdown.html.erb (0.4ms)
  Rendered shared/_main_nav.html.erb (8.2ms)
  Rendered shared/_masthead.html.erb (0.4ms)
  Rendered shared/_search_modal.html.erb (0.4ms)
  Rendered shared/_sections_nav.html.erb (2.7ms)
  Rendered shared/_search_modal.html.erb (0.0ms)
  Rendered shared/_main_content.html.erb (0.7ms)
  Rendered static_pages/index.html.erb within layouts/application (23.4ms)
Completed 200 OK in 53ms (Views: 50.5ms | ActiveRecord: 0.0ms)


Started GET "/" for ::1 at 2017-03-22 11:40:12 -0400
DEPRECATION WARNING: ActiveRecord::Base.raise_in_transactional_callbacks= is deprecated, has no effect and will be removed without replacement. (called from block (3 levels) in <class:Railtie> at /Users/meagan/.rbenv/versions/2.3.1/lib/ruby/gems/2.3.0/gems/activerecord-5.0.2/lib/active_record/railtie.rb:113)
Processing by StaticPagesController#index as HTML
  Rendering static_pages/index.html.erb within layouts/application
  Rendered shared/_sections_sidebar.html.erb (0.4ms)
  Rendered shared/_gear_dropdown.html.erb (0.2ms)
  Rendered shared/_main_nav.html.erb (5.1ms)
  Rendered shared/_masthead.html.erb (0.3ms)
  Rendered shared/_search_modal.html.erb (0.3ms)
  Rendered shared/_sections_nav.html.erb (3.1ms)
  Rendered shared/_search_modal.html.erb (0.0ms)
  Rendered shared/_main_content.html.erb (0.5ms)
  Rendered static_pages/index.html.erb within layouts/application (21.0ms)
Completed 200 OK in 251ms (Views: 238.9ms | ActiveRecord: 0.0ms)


Started GET "/assets/AA_Times_Logo.png" for ::1 at 2017-03-22 11:40:12 -0400
Started GET "/assets/new_office.jpg" for ::1 at 2017-03-22 11:40:12 -0400
Started GET "/" for ::1 at 2017-03-22 11:40:17 -0400
Processing by StaticPagesController#index as HTML
  Rendering static_pages/index.html.erb within layouts/application
  Rendered shared/_sections_sidebar.html.erb (0.5ms)
  Rendered shared/_gear_dropdown.html.erb (0.5ms)
  Rendered shared/_main_nav.html.erb (13.6ms)
  Rendered shared/_masthead.html.erb (0.4ms)
  Rendered shared/_search_modal.html.erb (0.5ms)
  Rendered shared/_sections_nav.html.erb (4.3ms)
  Rendered shared/_search_modal.html.erb (0.1ms)
  Rendered shared/_main_content.html.erb (0.7ms)
  Rendered static_pages/index.html.erb within layouts/application (33.7ms)
Completed 200 OK in 61ms (Views: 57.9ms | ActiveRecord: 0.0ms)


Started GET "/" for ::1 at 2017-03-22 11:40:25 -0400
Processing by StaticPagesController#index as HTML
  Rendering static_pages/index.html.erb within layouts/application
  Rendered shared/_sections_sidebar.html.erb (0.6ms)
  Rendered shared/_gear_dropdown.html.erb (0.6ms)
  Rendered shared/_main_nav.html.erb (7.3ms)
  Rendered shared/_masthead.html.erb (0.9ms)
  Rendered shared/_search_modal.html.erb (0.2ms)
  Rendered shared/_sections_nav.html.erb (2.2ms)
  Rendered shared/_search_modal.html.erb (0.0ms)
  Rendered shared/_main_content.html.erb (0.6ms)
  Rendered static_pages/index.html.erb within layouts/application (59.2ms)
Completed 200 OK in 82ms (Views: 79.3ms | ActiveRecord: 0.0ms)


Started GET "/assets/AA_Times_Logo.png" for ::1 at 2017-03-22 11:40:25 -0400
Started GET "/assets/new_office.jpg" for ::1 at 2017-03-22 11:40:25 -0400
Started GET "/" for ::1 at 2017-03-22 11:40:28 -0400
Processing by StaticPagesController#index as HTML
  Rendering static_pages/index.html.erb within layouts/application
  Rendered shared/_sections_sidebar.html.erb (1.2ms)
  Rendered shared/_gear_dropdown.html.erb (0.9ms)
  Rendered shared/_main_nav.html.erb (14.3ms)
  Rendered shared/_masthead.html.erb (0.5ms)
  Rendered shared/_search_modal.html.erb (0.5ms)
  Rendered shared/_sections_nav.html.erb (4.0ms)
  Rendered shared/_search_modal.html.erb (0.1ms)
  Rendered shared/_main_content.html.erb (0.7ms)
  Rendered static_pages/index.html.erb within layouts/application (35.1ms)
Completed 200 OK in 74ms (Views: 71.2ms | ActiveRecord: 0.0ms)


Started GET "/" for ::1 at 2017-03-22 11:40:39 -0400
Processing by StaticPagesController#index as HTML
  Rendering static_pages/index.html.erb within layouts/application
  Rendered shared/_sections_sidebar.html.erb (0.9ms)
  Rendered shared/_gear_dropdown.html.erb (0.6ms)
  Rendered shared/_main_nav.html.erb (9.0ms)
  Rendered shared/_masthead.html.erb (1.3ms)
  Rendered shared/_search_modal.html.erb (0.8ms)
  Rendered shared/_sections_nav.html.erb (4.3ms)
  Rendered shared/_search_modal.html.erb (0.1ms)
  Rendered shared/_main_content.html.erb (0.7ms)
  Rendered static_pages/index.html.erb within layouts/application (31.4ms)
Completed 200 OK in 71ms (Views: 66.4ms | ActiveRecord: 0.0ms)


Started GET "/assets/AA_Times_Logo.png" for ::1 at 2017-03-22 11:40:39 -0400
Started GET "/assets/new_office.jpg" for ::1 at 2017-03-22 11:40:39 -0400
Started GET "/" for ::1 at 2017-03-22 11:40:48 -0400
Processing by StaticPagesController#index as HTML
  Rendering static_pages/index.html.erb within layouts/application
  Rendered shared/_sections_sidebar.html.erb (2.0ms)
  Rendered shared/_gear_dropdown.html.erb (1.7ms)
  Rendered shared/_main_nav.html.erb (12.4ms)
  Rendered shared/_masthead.html.erb (1.8ms)
  Rendered shared/_search_modal.html.erb (1.0ms)
  Rendered shared/_sections_nav.html.erb (4.9ms)
  Rendered shared/_search_modal.html.erb (0.1ms)
  Rendered shared/_main_content.html.erb (1.5ms)
  Rendered static_pages/index.html.erb within layouts/application (37.6ms)
Completed 200 OK in 88ms (Views: 83.7ms | ActiveRecord: 0.0ms)


Started GET "/" for ::1 at 2017-03-22 11:45:44 -0400
DEPRECATION WARNING: ActiveRecord::Base.raise_in_transactional_callbacks= is deprecated, has no effect and will be removed without replacement. (called from block (3 levels) in <class:Railtie> at /Users/meagan/.rbenv/versions/2.3.1/lib/ruby/gems/2.3.0/gems/activerecord-5.0.2/lib/active_record/railtie.rb:113)
Processing by StaticPagesController#index as HTML
  Rendering static_pages/index.html.erb within layouts/application
  Rendered shared/_sections_sidebar.html.erb (0.2ms)
  Rendered shared/_gear_dropdown.html.erb (0.2ms)
  Rendered shared/_main_nav.html.erb (3.7ms)
  Rendered shared/_masthead.html.erb (0.3ms)
  Rendered shared/_search_modal.html.erb (0.7ms)
  Rendered shared/_sections_nav.html.erb (11.0ms)
  Rendered shared/_search_modal.html.erb (0.2ms)
  Rendered shared/_main_content.html.erb (0.4ms)
  Rendered static_pages/index.html.erb within layouts/application (32.6ms)
Completed 200 OK in 512ms (Views: 498.5ms | ActiveRecord: 0.0ms)


Started GET "/assets/application.self-ee31fd95017f1aa0a01064a0139a6a9cf4c4645f9f9a449c10de7aeaafa6343f.css?body=1" for ::1 at 2017-03-22 11:45:45 -0400
Started GET "/assets/components/sidebar.self-2a1277f850a6fa21e1a974ef5152f177ac05516477d5081d593bb137b3d6808b.js?body=1" for ::1 at 2017-03-22 11:45:45 -0400
Started GET "/assets/jquery.self-bd7ddd393353a8d2480a622e80342adf488fb6006d667e8b42e4c0073393abee.js?body=1" for ::1 at 2017-03-22 11:45:45 -0400
Started GET "/assets/jquery_ujs.self-784a997f6726036b1993eb2217c9cb558e1cbb801c6da88105588c56f13b466a.js?body=1" for ::1 at 2017-03-22 11:45:45 -0400
Started GET "/assets/components/dropdown.self-815016af6fab1d5b72abd319213bf62f0c42bab2c585d2e059543ae704a0d74c.js?body=1" for ::1 at 2017-03-22 11:45:45 -0400
Started GET "/assets/turbolinks.self-c5acd7a204f5f25ce7a1d8a0e4d92e28d34c9e2df2c7371cd7af88e147e4ad82.js?body=1" for ::1 at 2017-03-22 11:45:45 -0400
Started GET "/assets/application.self-b89234cf2659d7fedea75bca0b8d231ad7dfc2f3f57fcbaf5f44ed9dc384137b.js?body=1" for ::1 at 2017-03-22 11:45:45 -0400
Started GET "/assets/components/modal.self-52188644dbb47def5ee35ae02e69eb567ca9b664472357a8a5789dd39032a265.js?body=1" for ::1 at 2017-03-22 11:45:45 -0400
Started GET "/assets/AA_Times_Logo.png" for ::1 at 2017-03-22 11:45:45 -0400
Started GET "/assets/new_office.jpg" for ::1 at 2017-03-22 11:45:45 -0400
Started GET "/" for ::1 at 2017-03-22 11:45:46 -0400
Processing by StaticPagesController#index as HTML
  Rendering static_pages/index.html.erb within layouts/application
  Rendered shared/_sections_sidebar.html.erb (0.3ms)
  Rendered shared/_gear_dropdown.html.erb (0.4ms)
  Rendered shared/_main_nav.html.erb (5.2ms)
  Rendered shared/_masthead.html.erb (0.5ms)
  Rendered shared/_search_modal.html.erb (0.3ms)
  Rendered shared/_sections_nav.html.erb (3.2ms)
  Rendered shared/_search_modal.html.erb (0.0ms)
  Rendered shared/_main_content.html.erb (1.4ms)
  Rendered static_pages/index.html.erb within layouts/application (23.0ms)
Completed 200 OK in 51ms (Views: 48.4ms | ActiveRecord: 0.0ms)


Started GET "/assets/AA_Times_Logo.png" for ::1 at 2017-03-22 11:45:46 -0400
Started GET "/assets/new_office.jpg" for ::1 at 2017-03-22 11:45:46 -0400
Started GET "/" for ::1 at 2017-03-22 11:45:54 -0400
Processing by StaticPagesController#index as HTML
  Rendering static_pages/index.html.erb within layouts/application
  Rendered shared/_sections_sidebar.html.erb (4.1ms)
  Rendered shared/_gear_dropdown.html.erb (0.9ms)
  Rendered shared/_main_nav.html.erb (12.4ms)
  Rendered shared/_masthead.html.erb (1.4ms)
  Rendered shared/_search_modal.html.erb (1.2ms)
  Rendered shared/_sections_nav.html.erb (5.2ms)
  Rendered shared/_search_modal.html.erb (0.1ms)
  Rendered shared/_main_content.html.erb (0.8ms)
  Rendered static_pages/index.html.erb within layouts/application (36.9ms)
Completed 200 OK in 135ms (Views: 130.0ms | ActiveRecord: 0.0ms)


Started GET "/" for ::1 at 2017-03-22 11:46:38 -0400
Processing by StaticPagesController#index as HTML
  Rendering static_pages/index.html.erb within layouts/application
  Rendered shared/_sections_sidebar.html.erb (0.7ms)
  Rendered shared/_gear_dropdown.html.erb (1.4ms)
  Rendered shared/_main_nav.html.erb (9.5ms)
  Rendered shared/_masthead.html.erb (3.3ms)
  Rendered shared/_search_modal.html.erb (0.5ms)
  Rendered shared/_sections_nav.html.erb (7.0ms)
  Rendered shared/_search_modal.html.erb (0.1ms)
  Rendered shared/_main_content.html.erb (1.4ms)
  Rendered static_pages/index.html.erb within layouts/application (43.0ms)
Completed 200 OK in 77ms (Views: 73.6ms | ActiveRecord: 0.0ms)


Started GET "/assets/AA_Times_Logo.png" for ::1 at 2017-03-22 11:46:38 -0400
Started GET "/assets/new_office.jpg" for ::1 at 2017-03-22 11:46:38 -0400
Started GET "/" for ::1 at 2017-03-22 11:47:00 -0400
Processing by StaticPagesController#index as HTML
  Rendering static_pages/index.html.erb within layouts/application
  Rendered shared/_sections_sidebar.html.erb (0.5ms)
  Rendered shared/_gear_dropdown.html.erb (0.8ms)
  Rendered shared/_main_nav.html.erb (10.0ms)
  Rendered shared/_masthead.html.erb (0.5ms)
  Rendered shared/_search_modal.html.erb (0.4ms)
  Rendered shared/_sections_nav.html.erb (3.0ms)
  Rendered shared/_search_modal.html.erb (0.1ms)
  Rendered shared/_main_content.html.erb (0.5ms)
  Rendered static_pages/index.html.erb within layouts/application (26.2ms)
Completed 200 OK in 51ms (Views: 47.9ms | ActiveRecord: 0.0ms)


Started GET "/" for ::1 at 2017-03-22 11:48:53 -0400
Processing by StaticPagesController#index as HTML
  Rendering static_pages/index.html.erb within layouts/application
  Rendered shared/_sections_sidebar.html.erb (0.5ms)
  Rendered shared/_gear_dropdown.html.erb (0.4ms)
  Rendered shared/_main_nav.html.erb (7.4ms)
  Rendered shared/_masthead.html.erb (1.5ms)
  Rendered shared/_search_modal.html.erb (1.3ms)
  Rendered shared/_sections_nav.html.erb (6.8ms)
  Rendered shared/_search_modal.html.erb (0.1ms)
  Rendered shared/_main_content.html.erb (4.6ms)
  Rendered static_pages/index.html.erb within layouts/application (51.7ms)
Completed 200 OK in 85ms (Views: 82.5ms | ActiveRecord: 0.0ms)


Started GET "/" for ::1 at 2017-03-22 11:49:00 -0400
Processing by StaticPagesController#index as HTML
  Rendering static_pages/index.html.erb within layouts/application
  Rendered shared/_sections_sidebar.html.erb (0.6ms)
  Rendered shared/_gear_dropdown.html.erb (0.6ms)
  Rendered shared/_main_nav.html.erb (7.5ms)
  Rendered shared/_masthead.html.erb (0.6ms)
  Rendered shared/_search_modal.html.erb (0.6ms)
  Rendered shared/_sections_nav.html.erb (3.9ms)
  Rendered shared/_search_modal.html.erb (0.1ms)
  Rendered shared/_main_content.html.erb (0.9ms)
  Rendered static_pages/index.html.erb within layouts/application (33.9ms)
Completed 200 OK in 80ms (Views: 76.0ms | ActiveRecord: 0.0ms)


Started GET "/" for ::1 at 2017-03-22 11:49:03 -0400
Processing by StaticPagesController#index as HTML
  Rendering static_pages/index.html.erb within layouts/application
  Rendered shared/_sections_sidebar.html.erb (0.7ms)
  Rendered shared/_gear_dropdown.html.erb (0.7ms)
  Rendered shared/_main_nav.html.erb (21.3ms)
  Rendered shared/_masthead.html.erb (0.6ms)
  Rendered shared/_search_modal.html.erb (0.7ms)
  Rendered shared/_sections_nav.html.erb (6.7ms)
  Rendered shared/_search_modal.html.erb (0.1ms)
  Rendered shared/_main_content.html.erb (0.6ms)
  Rendered static_pages/index.html.erb within layouts/application (48.1ms)
Completed 200 OK in 84ms (Views: 80.5ms | ActiveRecord: 0.0ms)


Started GET "/" for ::1 at 2017-03-22 11:49:06 -0400
Processing by StaticPagesController#index as HTML
  Rendering static_pages/index.html.erb within layouts/application
  Rendered shared/_sections_sidebar.html.erb (0.8ms)
  Rendered shared/_gear_dropdown.html.erb (0.5ms)
  Rendered shared/_main_nav.html.erb (12.8ms)
  Rendered shared/_masthead.html.erb (1.6ms)
  Rendered shared/_search_modal.html.erb (0.4ms)
  Rendered shared/_sections_nav.html.erb (4.8ms)
  Rendered shared/_search_modal.html.erb (0.0ms)
  Rendered shared/_main_content.html.erb (0.7ms)
  Rendered static_pages/index.html.erb within layouts/application (47.0ms)
Completed 200 OK in 89ms (Views: 85.6ms | ActiveRecord: 0.0ms)


Started GET "/" for ::1 at 2017-03-22 11:49:51 -0400
Processing by StaticPagesController#index as HTML
  Rendering static_pages/index.html.erb within layouts/application
  Rendered shared/_sections_sidebar.html.erb (0.5ms)
  Rendered shared/_gear_dropdown.html.erb (1.0ms)
  Rendered shared/_main_nav.html.erb (8.2ms)
  Rendered shared/_masthead.html.erb (0.5ms)
  Rendered shared/_search_modal.html.erb (0.5ms)
  Rendered shared/_sections_nav.html.erb (3.1ms)
  Rendered shared/_search_modal.html.erb (0.1ms)
  Rendered shared/_main_content.html.erb (1.2ms)
  Rendered static_pages/index.html.erb within layouts/application (28.2ms)
Completed 200 OK in 55ms (Views: 52.8ms | ActiveRecord: 0.0ms)


Started GET "/assets/AA_Times_Logo.png" for ::1 at 2017-03-22 11:49:52 -0400
Started GET "/assets/new_office.jpg" for ::1 at 2017-03-22 11:49:52 -0400
Started GET "/" for ::1 at 2017-03-22 11:51:56 -0400
DEPRECATION WARNING: ActiveRecord::Base.raise_in_transactional_callbacks= is deprecated, has no effect and will be removed without replacement. (called from block (3 levels) in <class:Railtie> at /Users/meagan/.rbenv/versions/2.3.1/lib/ruby/gems/2.3.0/gems/activerecord-5.0.2/lib/active_record/railtie.rb:113)
Processing by StaticPagesController#index as HTML
  Rendering static_pages/index.html.erb within layouts/application
  Rendered shared/_sections_sidebar.html.erb (0.3ms)
  Rendered shared/_gear_dropdown.html.erb (0.3ms)
  Rendered shared/_main_nav.html.erb (4.5ms)
  Rendered shared/_masthead.html.erb (0.3ms)
  Rendered shared/_search_modal.html.erb (0.3ms)
  Rendered shared/_sections_nav.html.erb (2.7ms)
  Rendered shared/_search_modal.html.erb (0.0ms)
  Rendered shared/_main_content.html.erb (0.4ms)
  Rendered static_pages/index.html.erb within layouts/application (18.6ms)
Completed 200 OK in 419ms (Views: 405.2ms | ActiveRecord: 0.0ms)


Started GET "/assets/components/dropdown.self-6ec5cca9d11e438650145aa29adf3b6584fc46a0b955bdc923c1095688a9925f.js?body=1" for ::1 at 2017-03-22 11:51:57 -0400
Started GET "/assets/AA_Times_Logo.png" for ::1 at 2017-03-22 11:51:57 -0400
Started GET "/assets/new_office.jpg" for ::1 at 2017-03-22 11:51:57 -0400
Started GET "/" for ::1 at 2017-03-22 11:52:02 -0400
Processing by StaticPagesController#index as HTML
  Rendering static_pages/index.html.erb within layouts/application
  Rendered shared/_sections_sidebar.html.erb (0.5ms)
  Rendered shared/_gear_dropdown.html.erb (0.6ms)
  Rendered shared/_main_nav.html.erb (9.1ms)
  Rendered shared/_masthead.html.erb (0.5ms)
  Rendered shared/_search_modal.html.erb (0.4ms)
  Rendered shared/_sections_nav.html.erb (2.9ms)
  Rendered shared/_search_modal.html.erb (0.1ms)
  Rendered shared/_main_content.html.erb (0.7ms)
  Rendered static_pages/index.html.erb within layouts/application (25.9ms)
Completed 200 OK in 54ms (Views: 51.3ms | ActiveRecord: 0.0ms)


Started GET "/" for ::1 at 2017-03-22 11:52:13 -0400
Processing by StaticPagesController#index as HTML
  Rendering static_pages/index.html.erb within layouts/application
  Rendered shared/_sections_sidebar.html.erb (0.5ms)
  Rendered shared/_gear_dropdown.html.erb (0.5ms)
  Rendered shared/_main_nav.html.erb (15.9ms)
  Rendered shared/_masthead.html.erb (0.6ms)
  Rendered shared/_search_modal.html.erb (0.5ms)
  Rendered shared/_sections_nav.html.erb (5.5ms)
  Rendered shared/_search_modal.html.erb (0.1ms)
  Rendered shared/_main_content.html.erb (0.6ms)
  Rendered static_pages/index.html.erb within layouts/application (44.7ms)
Completed 200 OK in 114ms (Views: 110.7ms | ActiveRecord: 0.0ms)


Started GET "/" for ::1 at 2017-03-22 12:03:21 -0400
DEPRECATION WARNING: ActiveRecord::Base.raise_in_transactional_callbacks= is deprecated, has no effect and will be removed without replacement. (called from block (3 levels) in <class:Railtie> at /Users/meagan/.rbenv/versions/2.3.1/lib/ruby/gems/2.3.0/gems/activerecord-5.0.2/lib/active_record/railtie.rb:113)
Processing by StaticPagesController#index as HTML
  Rendering static_pages/index.html.erb within layouts/application
  Rendered shared/_sections_sidebar.html.erb (0.3ms)
  Rendered shared/_gear_dropdown.html.erb (0.3ms)
  Rendered shared/_main_nav.html.erb (4.1ms)
  Rendered shared/_masthead.html.erb (0.3ms)
  Rendered shared/_search_modal.html.erb (0.2ms)
  Rendered shared/_sections_nav.html.erb (1.9ms)
  Rendered shared/_search_modal.html.erb (0.0ms)
  Rendered shared/_main_content.html.erb (0.3ms)
  Rendered static_pages/index.html.erb within layouts/application (15.5ms)
Completed 200 OK in 636ms (Views: 625.2ms | ActiveRecord: 0.0ms)


Started GET "/assets/components/dropdown.self-fbe4856cd399f107c834a0240a1855f86b20dbcbcee886cc5f2912cd1e16da5a.js?body=1" for ::1 at 2017-03-22 12:03:22 -0400
Started GET "/assets/AA_Times_Logo.png" for ::1 at 2017-03-22 12:03:22 -0400
Started GET "/assets/new_office.jpg" for ::1 at 2017-03-22 12:03:22 -0400
Started GET "/" for ::1 at 2017-03-22 12:03:28 -0400
Processing by StaticPagesController#index as HTML
  Rendering static_pages/index.html.erb within layouts/application
  Rendered shared/_sections_sidebar.html.erb (1.1ms)
  Rendered shared/_gear_dropdown.html.erb (0.8ms)
  Rendered shared/_main_nav.html.erb (11.8ms)
  Rendered shared/_masthead.html.erb (0.6ms)
  Rendered shared/_search_modal.html.erb (0.3ms)
  Rendered shared/_sections_nav.html.erb (3.1ms)
  Rendered shared/_search_modal.html.erb (0.0ms)
  Rendered shared/_main_content.html.erb (1.8ms)
  Rendered static_pages/index.html.erb within layouts/application (32.2ms)
Completed 200 OK in 64ms (Views: 59.4ms | ActiveRecord: 0.0ms)


Started GET "/" for ::1 at 2017-03-22 12:05:13 -0400
DEPRECATION WARNING: ActiveRecord::Base.raise_in_transactional_callbacks= is deprecated, has no effect and will be removed without replacement. (called from block (3 levels) in <class:Railtie> at /Users/meagan/.rbenv/versions/2.3.1/lib/ruby/gems/2.3.0/gems/activerecord-5.0.2/lib/active_record/railtie.rb:113)
Processing by StaticPagesController#index as HTML
  Rendering static_pages/index.html.erb within layouts/application
  Rendered shared/_sections_sidebar.html.erb (0.3ms)
  Rendered shared/_gear_dropdown.html.erb (0.2ms)
  Rendered shared/_main_nav.html.erb (3.7ms)
  Rendered shared/_masthead.html.erb (0.3ms)
  Rendered shared/_search_modal.html.erb (0.2ms)
  Rendered shared/_sections_nav.html.erb (2.2ms)
  Rendered shared/_search_modal.html.erb (0.0ms)
  Rendered shared/_main_content.html.erb (0.3ms)
  Rendered static_pages/index.html.erb within layouts/application (15.3ms)
Completed 200 OK in 343ms (Views: 331.9ms | ActiveRecord: 0.0ms)


Started GET "/assets/components/dropdown.self-cfaa3977c1f9b5925bb28c38b7fdcef23d4d50b5f3e68faa7df779453d72b54b.js?body=1" for ::1 at 2017-03-22 12:05:13 -0400
Started GET "/assets/AA_Times_Logo.png" for ::1 at 2017-03-22 12:05:13 -0400
Started GET "/assets/new_office.jpg" for ::1 at 2017-03-22 12:05:13 -0400
Started GET "/" for ::1 at 2017-03-22 12:05:19 -0400
Processing by StaticPagesController#index as HTML
  Rendering static_pages/index.html.erb within layouts/application
  Rendered shared/_sections_sidebar.html.erb (0.2ms)
  Rendered shared/_gear_dropdown.html.erb (0.3ms)
  Rendered shared/_main_nav.html.erb (3.9ms)
  Rendered shared/_masthead.html.erb (0.3ms)
  Rendered shared/_search_modal.html.erb (0.2ms)
  Rendered shared/_sections_nav.html.erb (1.8ms)
  Rendered shared/_search_modal.html.erb (0.1ms)
  Rendered shared/_main_content.html.erb (0.4ms)
  Rendered static_pages/index.html.erb within layouts/application (14.4ms)
Completed 200 OK in 34ms (Views: 31.6ms | ActiveRecord: 0.0ms)


Started GET "/assets/AA_Times_Logo.png" for ::1 at 2017-03-22 12:05:19 -0400
Started GET "/assets/new_office.jpg" for ::1 at 2017-03-22 12:05:19 -0400
